{"C:\\Users\\Magna\\Documents\\Estudo\\nodeJs\\lib-markdown\\index.js": {"path":"C:\\Users\\Magna\\Documents\\Estudo\\nodeJs\\lib-markdown\\index.js","statementMap":{"0":{"start":{"line":1,"column":14},"end":{"line":1,"column":30}},"1":{"start":{"line":2,"column":11},"end":{"line":2,"column":24}},"2":{"start":{"line":5,"column":16},"end":{"line":5,"column":63}},"3":{"start":{"line":6,"column":26},"end":{"line":6,"column":28}},"4":{"start":{"line":8,"column":2},"end":{"line":10,"column":3}},"5":{"start":{"line":9,"column":4},"end":{"line":9,"column":48}},"6":{"start":{"line":11,"column":2},"end":{"line":11,"column":73}},"7":{"start":{"line":15,"column":2},"end":{"line":15,"column":69}},"8":{"start":{"line":19,"column":19},"end":{"line":19,"column":26}},"9":{"start":{"line":20,"column":2},"end":{"line":25,"column":3}},"10":{"start":{"line":21,"column":18},"end":{"line":21,"column":72}},"11":{"start":{"line":22,"column":4},"end":{"line":22,"column":30}},"12":{"start":{"line":24,"column":4},"end":{"line":24,"column":20}},"13":{"start":{"line":28,"column":0},"end":{"line":28,"column":29}}},"fnMap":{"0":{"name":"extraiLinks","decl":{"start":{"line":4,"column":9},"end":{"line":4,"column":20}},"loc":{"start":{"line":4,"column":28},"end":{"line":12,"column":1}},"line":4},"1":{"name":"trataErro","decl":{"start":{"line":14,"column":9},"end":{"line":14,"column":18}},"loc":{"start":{"line":14,"column":25},"end":{"line":16,"column":1}},"line":14},"2":{"name":"pegaArquivo","decl":{"start":{"line":18,"column":15},"end":{"line":18,"column":26}},"loc":{"start":{"line":18,"column":45},"end":{"line":26,"column":1}},"line":18}},"branchMap":{"0":{"loc":{"start":{"line":11,"column":9},"end":{"line":11,"column":72}},"type":"cond-expr","locations":[{"start":{"line":11,"column":40},"end":{"line":11,"column":54}},{"start":{"line":11,"column":57},"end":{"line":11,"column":72}}],"line":11}},"s":{"0":1,"1":1,"2":2,"3":2,"4":2,"5":1,"6":2,"7":0,"8":2,"9":2,"10":2,"11":2,"12":0,"13":1},"f":{"0":2,"1":0,"2":2},"b":{"0":[1,1]},"_coverageSchema":"1a1c01bbd47fc00a2c39e90264f33305004495a9","hash":"982e2d1a17574ce090dbef80786f725472548142"}
}
